<?xml version="1.0" encoding="UTF-8"?>
<!-- Generated by org.testng.reporters.JUnitReportReporter -->
<testsuite hostname="IN3228390W1" failures="0" tests="1" name="com.leafBot.testcases.TC004_EditLead" time="202.412" errors="0" timestamp="19 May 2022 12:51:51 GMT" skipped="0">
  <testcase classname="com.leafBot.testcases.TC004_EditLead" name="editLead" time="202.412"/>
</testsuite> <!-- com.leafBot.testcases.TC004_EditLead -->
