<?xml version="1.0" encoding="UTF-8"?>
<!-- Generated by org.testng.reporters.JUnitReportReporter -->
<testsuite hostname="IN3228390W1" failures="0" tests="2" name="com.leafBot.testcases.TC003_CreateLead" time="252.938" errors="0" timestamp="19 May 2022 12:51:51 GMT" skipped="0">
  <testcase classname="com.leafBot.testcases.TC003_CreateLead" name="createLead" time="98.687"/>
  <testcase classname="com.leafBot.testcases.TC003_CreateLead" name="createLead" time="154.251"/>
</testsuite> <!-- com.leafBot.testcases.TC003_CreateLead -->
